<?xml version="1.0" encoding="UTF-8"?>
<!-- Generated by org.testng.reporters.JUnitReportReporter -->
<testsuite hostname="Jenifer-Jayaraj" failures="0" tests="4" name="api.test.UserTests2" time="11.849" errors="0" timestamp="2023-11-06T23:03:13 IST" skipped="0">
  <testcase classname="api.test.UserTests2" name="testPostUser" time="3.928"/>
  <system-out/>
  <testcase classname="api.test.UserTests2" name="testGetUserByName" time="1.974"/>
  <system-out/>
  <testcase classname="api.test.UserTests2" name="testUpdateUserByName" time="3.622"/>
  <system-out/>
  <testcase classname="api.test.UserTests2" name="testDeleteUserByName" time="2.325"/>
  <system-out/>
</testsuite> <!-- api.test.UserTests2 -->
