<?xml version="1.0" encoding="UTF-8"?>
<!-- Generated by org.testng.reporters.JUnitReportReporter -->
<testsuite hostname="Jenifer-Jayaraj" failures="0" tests="4" name="api.test.UserTests2" time="13.604" errors="0" timestamp="2023-11-06T23:10:32 IST" skipped="0">
  <testcase classname="api.test.UserTests2" name="testPostUser" time="4.649"/>
  <system-out/>
  <testcase classname="api.test.UserTests2" name="testGetUserByName" time="2.357"/>
  <system-out/>
  <testcase classname="api.test.UserTests2" name="testUpdateUserByName" time="4.499"/>
  <system-out/>
  <testcase classname="api.test.UserTests2" name="testDeleteUserByName" time="2.099"/>
  <system-out/>
</testsuite> <!-- api.test.UserTests2 -->
